This file contains any messages produced by compilers while
running configure, to aid debugging if configure makes a mistake.

It was created by pofswitch configure 1.4.0.015, which was
generated by GNU Autoconf 2.69.  Invocation command line was

  $ ./configure CFLAGS=-g -O2 -march=native --with-dpdk=/home/sdn/test_Zhuming/dpdk-2.2.0/x86_64-native-linuxapp-gcc LIBS=-ldl --no-create --no-recursion

## --------- ##
## Platform. ##
## --------- ##

hostname = IPL223
uname -m = x86_64
uname -r = 4.4.0-21-generic
uname -s = Linux
uname -v = #37-Ubuntu SMP Mon Apr 18 18:33:37 UTC 2016

/usr/bin/uname -p = unknown
/bin/uname -X     = unknown

/bin/arch              = unknown
/usr/bin/arch -k       = unknown
/usr/convex/getsysinfo = unknown
/usr/bin/hostinfo      = unknown
/bin/machine           = unknown
/usr/bin/oslevel       = unknown
/bin/universe          = unknown

PATH: /usr/local/sbin
PATH: /usr/local/bin
PATH: /usr/sbin
PATH: /usr/bin
PATH: /sbin
PATH: /bin
PATH: /snap/bin


## ----------- ##
## Core tests. ##
## ----------- ##

configure:2327: checking for a BSD-compatible install
configure:2395: result: /usr/bin/install -c
configure:2406: checking whether build environment is sane
configure:2461: result: yes
configure:2499: WARNING: 'missing' script is too old or missing
configure:2612: checking for a thread-safe mkdir -p
configure:2651: result: /bin/mkdir -p
configure:2658: checking for gawk
configure:2674: found /usr/bin/gawk
configure:2685: result: gawk
configure:2696: checking whether make sets $(MAKE)
configure:2718: result: yes
configure:2747: checking whether make supports nested variables
configure:2764: result: yes
configure:2947: checking for gcc
configure:2963: found /usr/bin/gcc
configure:2974: result: gcc
configure:3203: checking for C compiler version
configure:3212: gcc --version >&5
gcc (Ubuntu 5.5.0-12ubuntu1~16.04) 5.5.0 20171010
Copyright (C) 2015 Free Software Foundation, Inc.
This is free software; see the source for copying conditions.  There is NO
warranty; not even for MERCHANTABILITY or FITNESS FOR A PARTICULAR PURPOSE.

configure:3223: $? = 0
configure:3212: gcc -v >&5
Using built-in specs.
COLLECT_GCC=gcc
COLLECT_LTO_WRAPPER=/usr/lib/gcc/x86_64-linux-gnu/5/lto-wrapper
Target: x86_64-linux-gnu
Configured with: ../src/configure -v --with-pkgversion='Ubuntu 5.5.0-12ubuntu1~16.04' --with-bugurl=file:///usr/share/doc/gcc-5/README.Bugs --enable-languages=c,ada,c++,java,go,d,fortran,objc,obj-c++ --prefix=/usr --program-suffix=-5 --enable-shared --enable-linker-build-id --libexecdir=/usr/lib --without-included-gettext --enable-threads=posix --libdir=/usr/lib --enable-nls --with-sysroot=/ --enable-clocale=gnu --enable-libstdcxx-debug --enable-libstdcxx-time=yes --with-default-libstdcxx-abi=new --enable-gnu-unique-object --disable-vtable-verify --enable-libmpx --enable-plugin --with-system-zlib --disable-browser-plugin --enable-java-awt=gtk --enable-gtk-cairo --with-java-home=/usr/lib/jvm/java-1.5.0-gcj-5-amd64/jre --enable-java-home --with-jvm-root-dir=/usr/lib/jvm/java-1.5.0-gcj-5-amd64 --with-jvm-jar-dir=/usr/lib/jvm-exports/java-1.5.0-gcj-5-amd64 --with-arch-directory=amd64 --with-ecj-jar=/usr/share/java/eclipse-ecj.jar --enable-objc-gc --enable-multiarch --disable-werror --with-arch-32=i686 --with-abi=m64 --with-multilib-list=m32,m64,mx32 --enable-multilib --with-tune=generic --enable-checking=release --build=x86_64-linux-gnu --host=x86_64-linux-gnu --target=x86_64-linux-gnu
Thread model: posix
gcc version 5.5.0 20171010 (Ubuntu 5.5.0-12ubuntu1~16.04) 
configure:3223: $? = 0
configure:3212: gcc -V >&5
gcc: error: unrecognized command line option '-V'
gcc: fatal error: no input files
compilation terminated.
configure:3223: $? = 1
configure:3212: gcc -qversion >&5
gcc: error: unrecognized command line option '-qversion'
gcc: fatal error: no input files
compilation terminated.
configure:3223: $? = 1
configure:3243: checking whether the C compiler works
configure:3265: gcc -g -O2 -march=native   conftest.c -ldl >&5
configure:3269: $? = 0
configure:3317: result: yes
configure:3320: checking for C compiler default output file name
configure:3322: result: a.out
configure:3328: checking for suffix of executables
configure:3335: gcc -o conftest -g -O2 -march=native   conftest.c -ldl >&5
configure:3339: $? = 0
configure:3361: result: 
configure:3383: checking whether we are cross compiling
configure:3391: gcc -o conftest -g -O2 -march=native   conftest.c -ldl >&5
configure:3395: $? = 0
configure:3402: ./conftest
configure:3406: $? = 0
configure:3421: result: no
configure:3426: checking for suffix of object files
configure:3448: gcc -c -g -O2 -march=native  conftest.c >&5
configure:3452: $? = 0
configure:3473: result: o
configure:3477: checking whether we are using the GNU C compiler
configure:3496: gcc -c -g -O2 -march=native  conftest.c >&5
configure:3496: $? = 0
configure:3505: result: yes
configure:3514: checking whether gcc accepts -g
configure:3534: gcc -c -g  conftest.c >&5
configure:3534: $? = 0
configure:3575: result: yes
configure:3592: checking for gcc option to accept ISO C89
configure:3655: gcc  -c -g -O2 -march=native  conftest.c >&5
configure:3655: $? = 0
configure:3668: result: none needed
configure:3693: checking whether gcc understands -c and -o together
configure:3715: gcc -c conftest.c -o conftest2.o
configure:3718: $? = 0
configure:3715: gcc -c conftest.c -o conftest2.o
configure:3718: $? = 0
configure:3730: result: yes
configure:3758: checking for style of include used by make
configure:3786: result: GNU
configure:3812: checking dependency style of gcc
configure:3923: result: gcc3
configure:3981: checking for ranlib
configure:3997: found /usr/bin/ranlib
configure:4008: result: ranlib
configure:4033: checking for pthread_create in -lpthread
configure:4058: gcc -o conftest -g -O2 -march=native   conftest.c -lpthread  -ldl >&5
configure:4058: $? = 0
configure:4067: result: yes
configure:4078: checking for library containing pow
configure:4109: gcc -o conftest -g -O2 -march=native   conftest.c -lpthread -ldl >&5
conftest.c:21:6: warning: conflicting types for built-in function 'pow'
 char pow ();
      ^
/tmp/ccXkOvvC.o: In function `main':
/home/ldy/test_Zhuming/POFSwitch-DPDK/pofswitch-1.4.0.015-dpdk/conftest.c:25: undefined reference to `pow'
collect2: error: ld returned 1 exit status
configure:4109: $? = 1
configure: failed program was:
| /* confdefs.h */
| #define PACKAGE_NAME "pofswitch"
| #define PACKAGE_TARNAME "pofswitch"
| #define PACKAGE_VERSION "1.4.0.015"
| #define PACKAGE_STRING "pofswitch 1.4.0.015"
| #define PACKAGE_BUGREPORT "yujingzhou@huawei.com"
| #define PACKAGE_URL ""
| #define PACKAGE "pofswitch"
| #define VERSION "1.4.0.015"
| #define POFSWITCH_VERSION_NO POFSwitch_VERSION_1_4_0
| #define POFSWITCH_VERSION_SUB "015"
| #define HAVE_LIBPTHREAD 1
| /* end confdefs.h.  */
| 
| /* Override any GCC internal prototype to avoid an error.
|    Use char because int might match the return type of a GCC
|    builtin and then its argument prototype would still apply.  */
| #ifdef __cplusplus
| extern "C"
| #endif
| char pow ();
| int
| main ()
| {
| return pow ();
|   ;
|   return 0;
| }
configure:4109: gcc -o conftest -g -O2 -march=native   conftest.c -lm  -lpthread -ldl >&5
conftest.c:21:6: warning: conflicting types for built-in function 'pow'
 char pow ();
      ^
configure:4109: $? = 0
configure:4126: result: -lm
configure:4134: checking for library containing clock_gettime
configure:4165: gcc -o conftest -g -O2 -march=native   conftest.c -lm -lpthread -ldl >&5
configure:4165: $? = 0
configure:4182: result: none required
configure:4190: checking for library containing timer_create
configure:4221: gcc -o conftest -g -O2 -march=native   conftest.c -lm -lpthread -ldl >&5
/tmp/cczgcm1S.o: In function `main':
/home/ldy/test_Zhuming/POFSwitch-DPDK/pofswitch-1.4.0.015-dpdk/conftest.c:25: undefined reference to `timer_create'
collect2: error: ld returned 1 exit status
configure:4221: $? = 1
configure: failed program was:
| /* confdefs.h */
| #define PACKAGE_NAME "pofswitch"
| #define PACKAGE_TARNAME "pofswitch"
| #define PACKAGE_VERSION "1.4.0.015"
| #define PACKAGE_STRING "pofswitch 1.4.0.015"
| #define PACKAGE_BUGREPORT "yujingzhou@huawei.com"
| #define PACKAGE_URL ""
| #define PACKAGE "pofswitch"
| #define VERSION "1.4.0.015"
| #define POFSWITCH_VERSION_NO POFSwitch_VERSION_1_4_0
| #define POFSWITCH_VERSION_SUB "015"
| #define HAVE_LIBPTHREAD 1
| /* end confdefs.h.  */
| 
| /* Override any GCC internal prototype to avoid an error.
|    Use char because int might match the return type of a GCC
|    builtin and then its argument prototype would still apply.  */
| #ifdef __cplusplus
| extern "C"
| #endif
| char timer_create ();
| int
| main ()
| {
| return timer_create ();
|   ;
|   return 0;
| }
configure:4221: gcc -o conftest -g -O2 -march=native   conftest.c -lrt  -lm -lpthread -ldl >&5
configure:4221: $? = 0
configure:4238: result: -lrt
configure:4246: checking for library containing pthread_sigmask
configure:4277: gcc -o conftest -g -O2 -march=native   conftest.c -lrt -lm -lpthread -ldl >&5
configure:4277: $? = 0
configure:4294: result: none required
configure:4308: checking how to run the C preprocessor
configure:4339: gcc -E  conftest.c
configure:4339: $? = 0
configure:4353: gcc -E  conftest.c
conftest.c:14:28: fatal error: ac_nonexistent.h: No such file or directory
compilation terminated.
configure:4353: $? = 1
configure: failed program was:
| /* confdefs.h */
| #define PACKAGE_NAME "pofswitch"
| #define PACKAGE_TARNAME "pofswitch"
| #define PACKAGE_VERSION "1.4.0.015"
| #define PACKAGE_STRING "pofswitch 1.4.0.015"
| #define PACKAGE_BUGREPORT "yujingzhou@huawei.com"
| #define PACKAGE_URL ""
| #define PACKAGE "pofswitch"
| #define VERSION "1.4.0.015"
| #define POFSWITCH_VERSION_NO POFSwitch_VERSION_1_4_0
| #define POFSWITCH_VERSION_SUB "015"
| #define HAVE_LIBPTHREAD 1
| /* end confdefs.h.  */
| #include <ac_nonexistent.h>
configure:4378: result: gcc -E
configure:4398: gcc -E  conftest.c
configure:4398: $? = 0
configure:4412: gcc -E  conftest.c
conftest.c:14:28: fatal error: ac_nonexistent.h: No such file or directory
compilation terminated.
configure:4412: $? = 1
configure: failed program was:
| /* confdefs.h */
| #define PACKAGE_NAME "pofswitch"
| #define PACKAGE_TARNAME "pofswitch"
| #define PACKAGE_VERSION "1.4.0.015"
| #define PACKAGE_STRING "pofswitch 1.4.0.015"
| #define PACKAGE_BUGREPORT "yujingzhou@huawei.com"
| #define PACKAGE_URL ""
| #define PACKAGE "pofswitch"
| #define VERSION "1.4.0.015"
| #define POFSWITCH_VERSION_NO POFSwitch_VERSION_1_4_0
| #define POFSWITCH_VERSION_SUB "015"
| #define HAVE_LIBPTHREAD 1
| /* end confdefs.h.  */
| #include <ac_nonexistent.h>
configure:4441: checking for grep that handles long lines and -e
configure:4499: result: /bin/grep
configure:4504: checking for egrep
configure:4566: result: /bin/grep -E
configure:4571: checking for ANSI C header files
configure:4591: gcc -c -g -O2 -march=native  conftest.c >&5
configure:4591: $? = 0
configure:4664: gcc -o conftest -g -O2 -march=native   conftest.c -lrt -lm -lpthread -ldl >&5
configure:4664: $? = 0
configure:4664: ./conftest
configure:4664: $? = 0
configure:4675: result: yes
configure:4688: checking for sys/types.h
configure:4688: gcc -c -g -O2 -march=native  conftest.c >&5
configure:4688: $? = 0
configure:4688: result: yes
configure:4688: checking for sys/stat.h
configure:4688: gcc -c -g -O2 -march=native  conftest.c >&5
configure:4688: $? = 0
configure:4688: result: yes
configure:4688: checking for stdlib.h
configure:4688: gcc -c -g -O2 -march=native  conftest.c >&5
configure:4688: $? = 0
configure:4688: result: yes
configure:4688: checking for string.h
configure:4688: gcc -c -g -O2 -march=native  conftest.c >&5
configure:4688: $? = 0
configure:4688: result: yes
configure:4688: checking for memory.h
configure:4688: gcc -c -g -O2 -march=native  conftest.c >&5
configure:4688: $? = 0
configure:4688: result: yes
configure:4688: checking for strings.h
configure:4688: gcc -c -g -O2 -march=native  conftest.c >&5
configure:4688: $? = 0
configure:4688: result: yes
configure:4688: checking for inttypes.h
configure:4688: gcc -c -g -O2 -march=native  conftest.c >&5
configure:4688: $? = 0
configure:4688: result: yes
configure:4688: checking for stdint.h
configure:4688: gcc -c -g -O2 -march=native  conftest.c >&5
configure:4688: $? = 0
configure:4688: result: yes
configure:4688: checking for unistd.h
configure:4688: gcc -c -g -O2 -march=native  conftest.c >&5
configure:4688: $? = 0
configure:4688: result: yes
configure:4703: checking arpa/inet.h usability
configure:4703: gcc -c -g -O2 -march=native  conftest.c >&5
configure:4703: $? = 0
configure:4703: result: yes
configure:4703: checking arpa/inet.h presence
configure:4703: gcc -E  conftest.c
configure:4703: $? = 0
configure:4703: result: yes
configure:4703: checking for arpa/inet.h
configure:4703: result: yes
configure:4703: checking limits.h usability
configure:4703: gcc -c -g -O2 -march=native  conftest.c >&5
configure:4703: $? = 0
configure:4703: result: yes
configure:4703: checking limits.h presence
configure:4703: gcc -E  conftest.c
configure:4703: $? = 0
configure:4703: result: yes
configure:4703: checking for limits.h
configure:4703: result: yes
configure:4703: checking netinet/in.h usability
configure:4703: gcc -c -g -O2 -march=native  conftest.c >&5
configure:4703: $? = 0
configure:4703: result: yes
configure:4703: checking netinet/in.h presence
configure:4703: gcc -E  conftest.c
configure:4703: $? = 0
configure:4703: result: yes
configure:4703: checking for netinet/in.h
configure:4703: result: yes
configure:4703: checking for stdlib.h
configure:4703: result: yes
configure:4703: checking for string.h
configure:4703: result: yes
configure:4703: checking sys/socket.h usability
configure:4703: gcc -c -g -O2 -march=native  conftest.c >&5
configure:4703: $? = 0
configure:4703: result: yes
configure:4703: checking sys/socket.h presence
configure:4703: gcc -E  conftest.c
configure:4703: $? = 0
configure:4703: result: yes
configure:4703: checking for sys/socket.h
configure:4703: result: yes
configure:4703: checking sys/time.h usability
configure:4703: gcc -c -g -O2 -march=native  conftest.c >&5
configure:4703: $? = 0
configure:4703: result: yes
configure:4703: checking sys/time.h presence
configure:4703: gcc -E  conftest.c
configure:4703: $? = 0
configure:4703: result: yes
configure:4703: checking for sys/time.h
configure:4703: result: yes
configure:4703: checking for unistd.h
configure:4703: result: yes
configure:4703: checking stddef.h usability
configure:4703: gcc -c -g -O2 -march=native  conftest.c >&5
configure:4703: $? = 0
configure:4703: result: yes
configure:4703: checking stddef.h presence
configure:4703: gcc -E  conftest.c
configure:4703: $? = 0
configure:4703: result: yes
configure:4703: checking for stddef.h
configure:4703: result: yes
configure:4703: checking stdbool.h usability
configure:4703: gcc -c -g -O2 -march=native  conftest.c >&5
configure:4703: $? = 0
configure:4703: result: yes
configure:4703: checking stdbool.h presence
configure:4703: gcc -E  conftest.c
configure:4703: $? = 0
configure:4703: result: yes
configure:4703: checking for stdbool.h
configure:4703: result: yes
configure:4703: checking endian.h usability
configure:4703: gcc -c -g -O2 -march=native  conftest.c >&5
configure:4703: $? = 0
configure:4703: result: yes
configure:4703: checking endian.h presence
configure:4703: gcc -E  conftest.c
configure:4703: $? = 0
configure:4703: result: yes
configure:4703: checking for endian.h
configure:4703: result: yes
configure:4715: checking for size_t
configure:4715: gcc -c -g -O2 -march=native  conftest.c >&5
configure:4715: $? = 0
configure:4715: gcc -c -g -O2 -march=native  conftest.c >&5
conftest.c: In function 'main':
conftest.c:71:21: error: expected expression before ')' token
 if (sizeof ((size_t)))
                     ^
configure:4715: $? = 1
configure: failed program was:
| /* confdefs.h */
| #define PACKAGE_NAME "pofswitch"
| #define PACKAGE_TARNAME "pofswitch"
| #define PACKAGE_VERSION "1.4.0.015"
| #define PACKAGE_STRING "pofswitch 1.4.0.015"
| #define PACKAGE_BUGREPORT "yujingzhou@huawei.com"
| #define PACKAGE_URL ""
| #define PACKAGE "pofswitch"
| #define VERSION "1.4.0.015"
| #define POFSWITCH_VERSION_NO POFSwitch_VERSION_1_4_0
| #define POFSWITCH_VERSION_SUB "015"
| #define HAVE_LIBPTHREAD 1
| #define STDC_HEADERS 1
| #define HAVE_SYS_TYPES_H 1
| #define HAVE_SYS_STAT_H 1
| #define HAVE_STDLIB_H 1
| #define HAVE_STRING_H 1
| #define HAVE_MEMORY_H 1
| #define HAVE_STRINGS_H 1
| #define HAVE_INTTYPES_H 1
| #define HAVE_STDINT_H 1
| #define HAVE_UNISTD_H 1
| #define HAVE_ARPA_INET_H 1
| #define HAVE_LIMITS_H 1
| #define HAVE_NETINET_IN_H 1
| #define HAVE_STDLIB_H 1
| #define HAVE_STRING_H 1
| #define HAVE_SYS_SOCKET_H 1
| #define HAVE_SYS_TIME_H 1
| #define HAVE_UNISTD_H 1
| #define HAVE_STDDEF_H 1
| #define HAVE_STDBOOL_H 1
| #define HAVE_ENDIAN_H 1
| /* end confdefs.h.  */
| #include <stdio.h>
| #ifdef HAVE_SYS_TYPES_H
| # include <sys/types.h>
| #endif
| #ifdef HAVE_SYS_STAT_H
| # include <sys/stat.h>
| #endif
| #ifdef STDC_HEADERS
| # include <stdlib.h>
| # include <stddef.h>
| #else
| # ifdef HAVE_STDLIB_H
| #  include <stdlib.h>
| # endif
| #endif
| #ifdef HAVE_STRING_H
| # if !defined STDC_HEADERS && defined HAVE_MEMORY_H
| #  include <memory.h>
| # endif
| # include <string.h>
| #endif
| #ifdef HAVE_STRINGS_H
| # include <strings.h>
| #endif
| #ifdef HAVE_INTTYPES_H
| # include <inttypes.h>
| #endif
| #ifdef HAVE_STDINT_H
| # include <stdint.h>
| #endif
| #ifdef HAVE_UNISTD_H
| # include <unistd.h>
| #endif
| int
| main ()
| {
| if (sizeof ((size_t)))
| 	    return 0;
|   ;
|   return 0;
| }
configure:4715: result: yes
configure:4726: checking for uint16_t
configure:4726: gcc -c -g -O2 -march=native  conftest.c >&5
configure:4726: $? = 0
configure:4726: result: yes
configure:4738: checking for uint32_t
configure:4738: gcc -c -g -O2 -march=native  conftest.c >&5
configure:4738: $? = 0
configure:4738: result: yes
configure:4752: checking for uint64_t
configure:4752: gcc -c -g -O2 -march=native  conftest.c >&5
configure:4752: $? = 0
configure:4752: result: yes
configure:4766: checking for uint8_t
configure:4766: gcc -c -g -O2 -march=native  conftest.c >&5
configure:4766: $? = 0
configure:4766: result: yes
configure:4784: checking for stdlib.h
configure:4784: result: yes
configure:4794: checking for GNU libc compatible malloc
configure:4818: gcc -o conftest -g -O2 -march=native   conftest.c -lrt -lm -lpthread -ldl >&5
configure:4818: $? = 0
configure:4818: ./conftest
configure:4818: $? = 0
configure:4828: result: yes
configure:4852: checking for inet_ntoa
configure:4852: gcc -o conftest -g -O2 -march=native   conftest.c -lrt -lm -lpthread -ldl >&5
configure:4852: $? = 0
configure:4852: result: yes
configure:4852: checking for memset
configure:4852: gcc -o conftest -g -O2 -march=native   conftest.c -lrt -lm -lpthread -ldl >&5
conftest.c:61:6: warning: conflicting types for built-in function 'memset'
 char memset ();
      ^
configure:4852: $? = 0
configure:4852: result: yes
configure:4852: checking for socket
configure:4852: gcc -o conftest -g -O2 -march=native   conftest.c -lrt -lm -lpthread -ldl >&5
configure:4852: $? = 0
configure:4852: result: yes
configure:5078: checking that generated files are newer than configure
configure:5084: result: done
configure:5107: creating ./config.status

## ---------------- ##
## Cache variables. ##
## ---------------- ##

ac_cv_c_compiler_gnu=yes
ac_cv_c_uint16_t=yes
ac_cv_c_uint32_t=yes
ac_cv_c_uint64_t=yes
ac_cv_c_uint8_t=yes
ac_cv_env_CC_set=
ac_cv_env_CC_value=
ac_cv_env_CFLAGS_set=set
ac_cv_env_CFLAGS_value='-g -O2 -march=native'
ac_cv_env_CPPFLAGS_set=
ac_cv_env_CPPFLAGS_value=
ac_cv_env_CPP_set=
ac_cv_env_CPP_value=
ac_cv_env_LDFLAGS_set=
ac_cv_env_LDFLAGS_value=
ac_cv_env_LIBS_set=set
ac_cv_env_LIBS_value=-ldl
ac_cv_env_build_alias_set=
ac_cv_env_build_alias_value=
ac_cv_env_host_alias_set=
ac_cv_env_host_alias_value=
ac_cv_env_target_alias_set=
ac_cv_env_target_alias_value=
ac_cv_func_inet_ntoa=yes
ac_cv_func_malloc_0_nonnull=yes
ac_cv_func_memset=yes
ac_cv_func_socket=yes
ac_cv_header_arpa_inet_h=yes
ac_cv_header_endian_h=yes
ac_cv_header_inttypes_h=yes
ac_cv_header_limits_h=yes
ac_cv_header_memory_h=yes
ac_cv_header_netinet_in_h=yes
ac_cv_header_stdbool_h=yes
ac_cv_header_stdc=yes
ac_cv_header_stddef_h=yes
ac_cv_header_stdint_h=yes
ac_cv_header_stdlib_h=yes
ac_cv_header_string_h=yes
ac_cv_header_strings_h=yes
ac_cv_header_sys_socket_h=yes
ac_cv_header_sys_stat_h=yes
ac_cv_header_sys_time_h=yes
ac_cv_header_sys_types_h=yes
ac_cv_header_unistd_h=yes
ac_cv_lib_pthread_pthread_create=yes
ac_cv_objext=o
ac_cv_path_EGREP='/bin/grep -E'
ac_cv_path_GREP=/bin/grep
ac_cv_path_install='/usr/bin/install -c'
ac_cv_path_mkdir=/bin/mkdir
ac_cv_prog_AWK=gawk
ac_cv_prog_CPP='gcc -E'
ac_cv_prog_ac_ct_CC=gcc
ac_cv_prog_ac_ct_RANLIB=ranlib
ac_cv_prog_cc_c89=
ac_cv_prog_cc_g=yes
ac_cv_prog_make_make_set=yes
ac_cv_search_clock_gettime='none required'
ac_cv_search_pow=-lm
ac_cv_search_pthread_sigmask='none required'
ac_cv_search_timer_create=-lrt
ac_cv_type_size_t=yes
am_cv_CC_dependencies_compiler_type=gcc3
am_cv_make_support_nested_variables=yes
am_cv_prog_cc_c_o=yes

## ----------------- ##
## Output variables. ##
## ----------------- ##

ACLOCAL='aclocal-1.14'
AMDEPBACKSLASH='\'
AMDEP_FALSE='#'
AMDEP_TRUE=''
AMTAR='$${TAR-tar}'
AM_BACKSLASH='\'
AM_DEFAULT_V='$(AM_DEFAULT_VERBOSITY)'
AM_DEFAULT_VERBOSITY='1'
AM_V='$(V)'
AUTOCONF='autoconf'
AUTOHEADER='autoheader'
AUTOMAKE='automake-1.14'
AWK='gawk'
CC='gcc'
CCDEPMODE='depmode=gcc3'
CFLAGS='-g -O2 -march=native'
CPP='gcc -E'
CPPFLAGS='-I/home/sdn/test_Zhuming/dpdk-2.2.0/x86_64-native-linuxapp-gcc/include '
CYGPATH_W='echo'
DEFS='-DPACKAGE_NAME=\"pofswitch\" -DPACKAGE_TARNAME=\"pofswitch\" -DPACKAGE_VERSION=\"1.4.0.015\" -DPACKAGE_STRING=\"pofswitch\ 1.4.0.015\" -DPACKAGE_BUGREPORT=\"yujingzhou@huawei.com\" -DPACKAGE_URL=\"\" -DPACKAGE=\"pofswitch\" -DVERSION=\"1.4.0.015\" -DPOFSWITCH_VERSION_NO=POFSwitch_VERSION_1_4_0 -DPOFSWITCH_VERSION_SUB=\"015\" -DHAVE_LIBPTHREAD=1 -DSTDC_HEADERS=1 -DHAVE_SYS_TYPES_H=1 -DHAVE_SYS_STAT_H=1 -DHAVE_STDLIB_H=1 -DHAVE_STRING_H=1 -DHAVE_MEMORY_H=1 -DHAVE_STRINGS_H=1 -DHAVE_INTTYPES_H=1 -DHAVE_STDINT_H=1 -DHAVE_UNISTD_H=1 -DHAVE_ARPA_INET_H=1 -DHAVE_LIMITS_H=1 -DHAVE_NETINET_IN_H=1 -DHAVE_STDLIB_H=1 -DHAVE_STRING_H=1 -DHAVE_SYS_SOCKET_H=1 -DHAVE_SYS_TIME_H=1 -DHAVE_UNISTD_H=1 -DHAVE_STDDEF_H=1 -DHAVE_STDBOOL_H=1 -DHAVE_ENDIAN_H=1 -DHAVE_STDLIB_H=1 -DHAVE_MALLOC=1 -DHAVE_INET_NTOA=1 -DHAVE_MEMSET=1 -DHAVE_SOCKET=1'
DEPDIR='.deps'
ECHO_C=''
ECHO_N='-n'
ECHO_T=''
EGREP='/bin/grep -E'
EXEEXT=''
GREP='/bin/grep'
INSTALL_DATA='${INSTALL} -m 644'
INSTALL_PROGRAM='${INSTALL}'
INSTALL_SCRIPT='${INSTALL}'
INSTALL_STRIP_PROGRAM='$(install_sh) -c -s'
LDFLAGS=''
LIBOBJS=''
LIBS='/home/sdn/test_Zhuming/dpdk-2.2.0/x86_64-native-linuxapp-gcc/lib/libdpdk.so -lrt -lm -lpthread -ldl'
LTLIBOBJS=''
MAKEINFO='makeinfo'
MKDIR_P='/bin/mkdir -p'
OBJEXT='o'
PACKAGE='pofswitch'
PACKAGE_BUGREPORT='yujingzhou@huawei.com'
PACKAGE_NAME='pofswitch'
PACKAGE_STRING='pofswitch 1.4.0.015'
PACKAGE_TARNAME='pofswitch'
PACKAGE_URL=''
PACKAGE_VERSION='1.4.0.015'
PATH_SEPARATOR=':'
RANLIB='ranlib'
SET_MAKE=''
SHELL='/bin/bash'
STRIP=''
VERSION='1.4.0.015'
ac_ct_CC='gcc'
am__EXEEXT_FALSE=''
am__EXEEXT_TRUE='#'
am__fastdepCC_FALSE='#'
am__fastdepCC_TRUE=''
am__include='include'
am__isrc=''
am__leading_dot='.'
am__nodep='_no'
am__quote=''
am__tar='$${TAR-tar} chof - "$$tardir"'
am__untar='$${TAR-tar} xf -'
bindir='${exec_prefix}/bin'
build_alias=''
datadir='${datarootdir}'
datarootdir='${prefix}/share'
docdir='${datarootdir}/doc/${PACKAGE_TARNAME}'
dvidir='${docdir}'
exec_prefix='${prefix}'
host_alias=''
htmldir='${docdir}'
includedir='${prefix}/include'
infodir='${datarootdir}/info'
install_sh='${SHELL} /home/ldy/test_Zhuming/POFSwitch-DPDK/pofswitch-1.4.0.015-dpdk/install-sh'
libdir='${exec_prefix}/lib'
libexecdir='${exec_prefix}/libexec'
localedir='${datarootdir}/locale'
localstatedir='${prefix}/var'
mandir='${datarootdir}/man'
mkdir_p='$(MKDIR_P)'
oldincludedir='/usr/include'
pdfdir='${docdir}'
prefix='/usr/local'
program_transform_name='s,x,x,'
psdir='${docdir}'
runstatedir='${localstatedir}/run'
sbindir='${exec_prefix}/sbin'
sharedstatedir='${prefix}/com'
sysconfdir='${prefix}/etc'
target_alias=''

## ----------- ##
## confdefs.h. ##
## ----------- ##

/* confdefs.h */
#define PACKAGE_NAME "pofswitch"
#define PACKAGE_TARNAME "pofswitch"
#define PACKAGE_VERSION "1.4.0.015"
#define PACKAGE_STRING "pofswitch 1.4.0.015"
#define PACKAGE_BUGREPORT "yujingzhou@huawei.com"
#define PACKAGE_URL ""
#define PACKAGE "pofswitch"
#define VERSION "1.4.0.015"
#define POFSWITCH_VERSION_NO POFSwitch_VERSION_1_4_0
#define POFSWITCH_VERSION_SUB "015"
#define HAVE_LIBPTHREAD 1
#define STDC_HEADERS 1
#define HAVE_SYS_TYPES_H 1
#define HAVE_SYS_STAT_H 1
#define HAVE_STDLIB_H 1
#define HAVE_STRING_H 1
#define HAVE_MEMORY_H 1
#define HAVE_STRINGS_H 1
#define HAVE_INTTYPES_H 1
#define HAVE_STDINT_H 1
#define HAVE_UNISTD_H 1
#define HAVE_ARPA_INET_H 1
#define HAVE_LIMITS_H 1
#define HAVE_NETINET_IN_H 1
#define HAVE_STDLIB_H 1
#define HAVE_STRING_H 1
#define HAVE_SYS_SOCKET_H 1
#define HAVE_SYS_TIME_H 1
#define HAVE_UNISTD_H 1
#define HAVE_STDDEF_H 1
#define HAVE_STDBOOL_H 1
#define HAVE_ENDIAN_H 1
#define HAVE_STDLIB_H 1
#define HAVE_MALLOC 1
#define HAVE_INET_NTOA 1
#define HAVE_MEMSET 1
#define HAVE_SOCKET 1

configure: exit 0

## ---------------------- ##
## Running config.status. ##
## ---------------------- ##

This file was extended by pofswitch config.status 1.4.0.015, which was
generated by GNU Autoconf 2.69.  Invocation command line was

  CONFIG_FILES    = 
  CONFIG_HEADERS  = 
  CONFIG_LINKS    = 
  CONFIG_COMMANDS = 
  $ ./config.status 

on IPL223

config.status:781: creating Makefile
config.status:953: executing depfiles commands
